# JRE version: OpenJDK Runtime Environment (8.0_152-b02) (build 1.8.0_152-release-1024-b02)
# Java VM: OpenJDK 64-Bit Server VM (25.152-b02 mixed mode windows-amd64 compressed oops)
Heap:
 PSYoungGen      total 337920K, used 215054K [0x00000000e0000000, 0x00000000f8100000, 0x0000000100000000)
  eden space 284160K, 69% used [0x00000000e0000000,0x00000000ec064290,0x00000000f1580000)
  from space 53760K, 33% used [0x00000000f4900000,0x00000000f5a9f840,0x00000000f7d80000)
  to   space 52736K, 0% used [0x00000000f1580000,0x00000000f1580000,0x00000000f4900000)
 ParOldGen       total 266752K, used 120117K [0x00000000a0000000, 0x00000000b0480000, 0x00000000e0000000)
  object space 266752K, 45% used [0x00000000a0000000,0x00000000a754d678,0x00000000b0480000)
 Metaspace       used 87217K, capacity 91138K, committed 91304K, reserved 1128448K
  class space    used 11246K, capacity 12112K, committed 12208K, reserved 1048576K
GC Heap History (10 events):
Event: 2248.221 GC heap before
{Heap before GC invocations=19 (full 3):
 PSYoungGen      total 197120K, used 197115K [0x00000000e0000000, 0x00000000f2580000, 0x0000000100000000)
  eden space 159744K, 100% used [0x00000000e0000000,0x00000000e9c00000,0x00000000e9c00000)
  from space 37376K, 99% used [0x00000000e9c00000,0x00000000ec07ee98,0x00000000ec080000)
  to   space 54272K, 0% used [0x00000000ef080000,0x00000000ef080000,0x00000000f2580000)
 ParOldGen       total 266752K, used 100305K [0x00000000a0000000, 0x00000000b0480000, 0x00000000e0000000)
  object space 266752K, 37% used [0x00000000a0000000,0x00000000a61f4720,0x00000000b0480000)
 Metaspace       used 83833K, capacity 87474K, committed 87720K, reserved 1126400K
  class space    used 10864K, capacity 11670K, committed 11696K, reserved 1048576K
Event: 2248.263 GC heap after
Heap after GC invocations=19 (full 3):
 PSYoungGen      total 240128K, used 47704K [0x00000000e0000000, 0x00000000f3800000, 0x0000000100000000)
  eden space 185856K, 0% used [0x00000000e0000000,0x00000000e0000000,0x00000000eb580000)
  from space 54272K, 87% used [0x00000000ef080000,0x00000000f1f16088,0x00000000f2580000)
  to   space 60416K, 0% used [0x00000000eb580000,0x00000000eb580000,0x00000000ef080000)
 ParOldGen       total 266752K, used 111737K [0x00000000a0000000, 0x00000000b0480000, 0x00000000e0000000)
  object space 266752K, 41% used [0x00000000a0000000,0x00000000a6d1e768,0x00000000b0480000)
 Metaspace       used 83833K, capacity 87474K, committed 87720K, reserved 1126400K
  class space    used 10864K, capacity 11670K, committed 11696K, reserved 1048576K
}
Event: 2249.407 GC heap before
{Heap before GC invocations=20 (full 3):
 PSYoungGen      total 240128K, used 233560K [0x00000000e0000000, 0x00000000f3800000, 0x0000000100000000)
  eden space 185856K, 100% used [0x00000000e0000000,0x00000000eb580000,0x00000000eb580000)
  from space 54272K, 87% used [0x00000000ef080000,0x00000000f1f16088,0x00000000f2580000)
  to   space 60416K, 0% used [0x00000000eb580000,0x00000000eb580000,0x00000000ef080000)
 ParOldGen       total 266752K, used 111737K [0x00000000a0000000, 0x00000000b0480000, 0x00000000e0000000)
  object space 266752K, 41% used [0x00000000a0000000,0x00000000a6d1e768,0x00000000b0480000)
 Metaspace       used 84484K, capacity 88212K, committed 88360K, reserved 1126400K
  class space    used 10944K, capacity 11757K, committed 11824K, reserved 1048576K
Event: 2249.422 GC heap after
Heap after GC invocations=20 (full 3):
 PSYoungGen      total 246272K, used 25473K [0x00000000e0000000, 0x00000000f4000000, 0x0000000100000000)
  eden space 185856K, 0% used [0x00000000e0000000,0x00000000e0000000,0x00000000eb580000)
  from space 60416K, 42% used [0x00000000eb580000,0x00000000ece60478,0x00000000ef080000)
  to   space 56832K, 0% used [0x00000000f0880000,0x00000000f0880000,0x00000000f4000000)
 ParOldGen       total 266752K, used 111745K [0x00000000a0000000, 0x00000000b0480000, 0x00000000e0000000)
  object space 266752K, 41% used [0x00000000a0000000,0x00000000a6d20768,0x00000000b0480000)
 Metaspace       used 84484K, capacity 88212K, committed 88360K, reserved 1126400K
  class space    used 10944K, capacity 11757K, committed 11824K, reserved 1048576K
}
Event: 2249.793 GC heap before
{Heap before GC invocations=21 (full 3):
 PSYoungGen      total 246272K, used 211055K [0x00000000e0000000, 0x00000000f4000000, 0x0000000100000000)
  eden space 185856K, 99% used [0x00000000e0000000,0x00000000eb53bb40,0x00000000eb580000)
  from space 60416K, 42% used [0x00000000eb580000,0x00000000ece60478,0x00000000ef080000)
  to   space 56832K, 0% used [0x00000000f0880000,0x00000000f0880000,0x00000000f4000000)
 ParOldGen       total 266752K, used 111745K [0x00000000a0000000, 0x00000000b0480000, 0x00000000e0000000)
  object space 266752K, 41% used [0x00000000a0000000,0x00000000a6d20768,0x00000000b0480000)
 Metaspace       used 85366K, capacity 89252K, committed 89512K, reserved 1126400K
  class space    used 11066K, capacity 11931K, committed 11952K, reserved 1048576K
Event: 2249.812 GC heap after
Heap after GC invocations=21 (full 3):
 PSYoungGen      total 270848K, used 34047K [0x00000000e0000000, 0x00000000f4500000, 0x0000000100000000)
  eden space 214016K, 0% used [0x00000000e0000000,0x00000000e0000000,0x00000000ed100000)
  from space 56832K, 59% used [0x00000000f0880000,0x00000000f29bfd28,0x00000000f4000000)
  to   space 56832K, 0% used [0x00000000ed100000,0x00000000ed100000,0x00000000f0880000)
 ParOldGen       total 266752K, used 111753K [0x00000000a0000000, 0x00000000b0480000, 0x00000000e0000000)
  object space 266752K, 41% used [0x00000000a0000000,0x00000000a6d22768,0x00000000b0480000)
 Metaspace       used 85366K, capacity 89252K, committed 89512K, reserved 1126400K
  class space    used 11066K, capacity 11931K, committed 11952K, reserved 1048576K
}
Event: 2249.829 GC heap before
{Heap before GC invocations=22 (full 3):
 PSYoungGen      total 270848K, used 247541K [0x00000000e0000000, 0x00000000f4500000, 0x0000000100000000)
  eden space 214016K, 99% used [0x00000000e0000000,0x00000000ed07d998,0x00000000ed100000)
  from space 56832K, 59% used [0x00000000f0880000,0x00000000f29bfd28,0x00000000f4000000)
  to   space 56832K, 0% used [0x00000000ed100000,0x00000000ed100000,0x00000000f0880000)
 ParOldGen       total 266752K, used 111753K [0x00000000a0000000, 0x00000000b0480000, 0x00000000e0000000)
  object space 266752K, 41% used [0x00000000a0000000,0x00000000a6d22768,0x00000000b0480000)
 Metaspace       used 85373K, capacity 89252K, committed 89512K, reserved 1126400K
  class space    used 11066K, capacity 11931K, committed 11952K, reserved 1048576K
Event: 2249.844 GC heap after
Heap after GC invocations=22 (full 3):
 PSYoungGen      total 270848K, used 26519K [0x00000000e0000000, 0x00000000f7d80000, 0x0000000100000000)
  eden space 214016K, 0% used [0x00000000e0000000,0x00000000e0000000,0x00000000ed100000)
  from space 56832K, 46% used [0x00000000ed100000,0x00000000eeae5dc8,0x00000000f0880000)
  to   space 53760K, 0% used [0x00000000f4900000,0x00000000f4900000,0x00000000f7d80000)
 ParOldGen       total 266752K, used 111761K [0x00000000a0000000, 0x00000000b0480000, 0x00000000e0000000)
  object space 266752K, 41% used [0x00000000a0000000,0x00000000a6d24768,0x00000000b0480000)
 Metaspace       used 85373K, capacity 89252K, committed 89512K, reserved 1126400K
  class space    used 11066K, capacity 11931K, committed 11952K, reserved 1048576K
}
Event: 2249.863 GC heap before
{Heap before GC invocations=23 (full 3):
 PSYoungGen      total 270848K, used 239876K [0x00000000e0000000, 0x00000000f7d80000, 0x0000000100000000)
  eden space 214016K, 99% used [0x00000000e0000000,0x00000000ed05b2b0,0x00000000ed100000)
  from space 56832K, 46% used [0x00000000ed100000,0x00000000eeae5dc8,0x00000000f0880000)
  to   space 53760K, 0% used [0x00000000f4900000,0x00000000f4900000,0x00000000f7d80000)
 ParOldGen       total 266752K, used 111761K [0x00000000a0000000, 0x00000000b0480000, 0x00000000e0000000)
  object space 266752K, 41% used [0x00000000a0000000,0x00000000a6d24768,0x00000000b0480000)
 Metaspace       used 85377K, capacity 89252K, committed 89512K, reserved 1126400K
  class space    used 11066K, capacity 11931K, committed 11952K, reserved 1048576K
Event: 2249.882 GC heap after
Heap after GC invocations=23 (full 3):
 PSYoungGen      total 337920K, used 18046K [0x00000000e0000000, 0x00000000f8100000, 0x0000000100000000)
  eden space 284160K, 0% used [0x00000000e0000000,0x00000000e0000000,0x00000000f1580000)
  from space 53760K, 33% used [0x00000000f4900000,0x00000000f5a9f840,0x00000000f7d80000)
  to   space 52736K, 0% used [0x00000000f1580000,0x00000000f1580000,0x00000000f4900000)
 ParOldGen       total 266752K, used 120117K [0x00000000a0000000, 0x00000000b0480000, 0x00000000e0000000)
  object space 266752K, 45% used [0x00000000a0000000,0x00000000a754d678,0x00000000b0480000)
 Metaspace       used 85377K, capacity 89252K, committed 89512K, reserved 1126400K
  class space    used 11066K, capacity 11931K, committed 11952K, reserved 1048576K
}

